build/app/intermediates/proguard-rules/release/aapt_rules.txt
# Referenced at release\arm64-v8a\AndroidManifest.xml:24
-keep class androidx.core.app.CoreComponentFactory { <init>(); }
# Referenced at release\arm64-v8a\AndroidManifest.xml:29
-keep class co.appbrewery.micard.MainActivity { <init>(); }
# Referenced at release\arm64-v8a\AndroidManifest.xml:24
-keep class io.flutter.app.FlutterApplication { <init>(); }