build/app/outputs/mapping/release/mapping.txt
# compiler: R8
# compiler_version: 1.5.69
# min_api: 16
# pg_map_id: 09fa044
...
io.flutter.plugin.platform.VirtualDisplayController$1$1 -> io.flutter.plugin.platform.j$a$a:
    io.flutter.plugin.platform.VirtualDisplayController$1 this$1 -> a
io.flutter.plugin.platform.VirtualDisplayController$OneTimeOnDrawListener -> io.flutter.plugin.platform.j$b:
    java.lang.Runnable mOnDrawRunnable -> b
    android.view.View mView -> a
    void schedule(android.view.View,java.lang.Runnable) -> a
io.flutter.plugin.platform.VirtualDisplayController$OneTimeOnDrawListener$1 -> io.flutter.plugin.platform.j$b$a:
    io.flutter.plugin.platform.VirtualDisplayController$OneTimeOnDrawListener this$0 -> a
io.flutter.plugins.GeneratedPluginRegistrant -> a.a.d.a:
    boolean alreadyRegisteredWith(io.flutter.plugin.common.PluginRegistry) -> a
    void registerWith(io.flutter.plugin.common.PluginRegistry) -> b
io.flutter.util.PathUtils -> a.a.e.a:
    java.lang.String getCacheDirectory(android.content.Context) -> a
    java.lang.String getFilesDir(android.content.Context) -> b
io.flutter.util.Preconditions -> a.a.e.b:
    java.lang.Object checkNotNull(java.lang.Object) -> a
io.flutter.util.Predicate -> a.a.e.c:
    boolean test(java.lang.Object) -> a
io.flutter.view.-$$Lambda$AccessibilityBridge$JBDpWWlF54eN0gel8Jn1hY7yOmE -> io.flutter.view.a:
    io.flutter.view.AccessibilityBridge$SemanticsNode f$0 -> a
    boolean test(java.lang.Object) -> a
io.flutter.view.-$$Lambda$AccessibilityBridge$_xgAbWhyKyeHrMGUVUYzbSFEeBY -> io.flutter.view.b:
    io.flutter.view.-$$Lambda$AccessibilityBridge$_xgAbWhyKyeHrMGUVUYzbSFEeBY INSTANCE -> a
    boolean test(java.lang.Object) -> a
io.flutter.view.AccessibilityBridge -> io.flutter.view.c:
    io.flutter.view.AccessibilityViewEmbedder accessibilityViewEmbedder -> d
    io.flutter.embedding.engine.systemchannels.AccessibilityChannel accessibilityChannel -> b
    int accessibilityFeatureFlags -> l
    java.util.List flutterNavigationStack -> p
    io.flutter.plugin.platform.PlatformViewsAccessibilityDelegate platformViewsAccessibilityDelegate -> e
    java.lang.Integer embeddedAccessibilityFocusedNodeId -> j
    io.flutter.view.AccessibilityBridge$OnAccessibilityChangeListener onAccessibilityChangeListener -> s
    io.flutter.embedding.engine.systemchannels.AccessibilityChannel$AccessibilityMessageHandler accessibilityMessageHandler -> t
    android.database.ContentObserver animationScaleObserver -> w
    io.flutter.view.AccessibilityBridge$SemanticsNode inputFocusedSemanticsNode -> m
    int FIRST_RESOURCE_ID -> x
    io.flutter.view.AccessibilityBridge$SemanticsNode hoveredObject -> o
    android.view.accessibility.AccessibilityManager$TouchExplorationStateChangeListener touchExplorationStateChangeListener -> v
    io.flutter.view.AccessibilityBridge$SemanticsNode lastInputFocusedSemanticsNode -> n
    android.view.View rootAccessibilityView -> a
    io.flutter.view.AccessibilityBridge$SemanticsNode accessibilityFocusedSemanticsNode -> i
    java.lang.Integer embeddedInputFocusedNodeId -> k
    android.content.ContentResolver contentResolver -> f
io.flutter.view.AccessibilityBridge$1 -> io.flutter.view.c$a:
    io.flutter.view.AccessibilityBridge this$0 -> a
    void onTap(int) -> a
    void onTooltip(java.lang.String) -> a
    void updateCustomAccessibilityActions(java.nio.ByteBuffer,java.lang.String[]) -> a
    void announce(java.lang.String) -> b
    void onLongPress(int) -> b
    void updateSemantics(java.nio.ByteBuffer,java.lang.String[]) -> b
io.flutter.view.AccessibilityBridge$2 -> io.flutter.view.c$b:
    io.flutter.view.AccessibilityBridge this$0 -> a
io.flutter.view.AccessibilityBridge$3 -> io.flutter.view.c$c:
    io.flutter.view.AccessibilityBridge this$0 -> a
io.flutter.view.AccessibilityBridge$4 -> io.flutter.view.c$d:
    android.view.accessibility.AccessibilityManager val$accessibilityManager -> a
    io.flutter.view.AccessibilityBridge this$0 -> b